<?xml version="1.0" encoding="UTF-8"?>
<!-- Generated by org.testng.reporters.JUnitReportReporter -->
<testsuite hostname="DELL-PC" name="ddriven.DataDriver" tests="3" failures="0" timestamp="6 Sep 2014 03:42:15 GMT" time="36.776" errors="0">
  <testcase name="mycase" time="11.180" classname="ddriven.DataDriver"/>
  <testcase name="mycase" time="11.791" classname="ddriven.DataDriver"/>
  <testcase name="mycase" time="13.805" classname="ddriven.DataDriver"/>
</testsuite> <!-- ddriven.DataDriver -->
